# JRE version: OpenJDK Runtime Environment Temurin-17.0.12+7 (17.0.12+7) (build 17.0.12+7)
# Java VM: OpenJDK 64-Bit Server VM Temurin-17.0.12+7 (17.0.12+7, mixed mode, tiered, compressed oops, compressed class ptrs, parallel gc, windows-amd64)
GC Precious Log:
 CPUs: 4 total, 4 available
 Memory: 3953M
 Large Page Support: Disabled
 NUMA Support: Disabled
 Compressed Oops: Enabled (32-bit)
 Alignments: Space 512K, Generation 512K, Heap 2M
 Heap Min Capacity: 100M
 Heap Initial Capacity: 100M
 Heap Max Capacity: 1G
 Pre-touch: Disabled
 Parallel Workers: 4
Heap:
 PSYoungGen      total 3072K, used 2282K [0x00000000eab00000, 0x00000000eb080000, 0x0000000100000000)
  eden space 2560K, 69% used [0x00000000eab00000,0x00000000eacbdde0,0x00000000ead80000)
  from space 512K, 97% used [0x00000000eb000000,0x00000000eb07caa8,0x00000000eb080000)
  to   space 512K, 0% used [0x00000000eaf80000,0x00000000eaf80000,0x00000000eb000000)
 ParOldGen       total 115712K, used 93677K [0x00000000c0000000, 0x00000000c7100000, 0x00000000eab00000)
  object space 115712K, 80% used [0x00000000c0000000,0x00000000c5b7b6a0,0x00000000c7100000)
 Metaspace       used 93517K, committed 94784K, reserved 1179648K
  class space    used 9471K, committed 10112K, reserved 1048576K
GC Heap History (20 events):
Event: 1226.727 GC heap before
{Heap before GC invocations=1482 (full 31):
 PSYoungGen      total 7168K, used 6691K [0x00000000eab00000, 0x00000000eb680000, 0x0000000100000000)
  eden space 3584K, 95% used [0x00000000eab00000,0x00000000eae59d60,0x00000000eae80000)
  from space 3584K, 90% used [0x00000000eae80000,0x00000000eb1af030,0x00000000eb200000)
  to   space 4096K, 0% used [0x00000000eb280000,0x00000000eb280000,0x00000000eb680000)
 ParOldGen       total 112128K, used 106538K [0x00000000c0000000, 0x00000000c6d80000, 0x00000000eab00000)
  object space 112128K, 95% used [0x00000000c0000000,0x00000000c680a868,0x00000000c6d80000)
 Metaspace       used 93463K, committed 94784K, reserved 1179648K
  class space    used 9467K, committed 10112K, reserved 1048576K
}
Event: 1226.732 GC heap after
{Heap after GC invocations=1482 (full 31):
 PSYoungGen      total 6656K, used 2681K [0x00000000eab00000, 0x00000000eb580000, 0x0000000100000000)
  eden space 3584K, 0% used [0x00000000eab00000,0x00000000eab00000,0x00000000eae80000)
  from space 3072K, 87% used [0x00000000eb280000,0x00000000eb51e6a8,0x00000000eb580000)
  to   space 3072K, 0% used [0x00000000eaf80000,0x00000000eaf80000,0x00000000eb280000)
 ParOldGen       total 112128K, used 109774K [0x00000000c0000000, 0x00000000c6d80000, 0x00000000eab00000)
  object space 112128K, 97% used [0x00000000c0000000,0x00000000c6b33898,0x00000000c6d80000)
 Metaspace       used 93463K, committed 94784K, reserved 1179648K
  class space    used 9467K, committed 10112K, reserved 1048576K
}
Event: 1226.732 GC heap before
{Heap before GC invocations=1483 (full 32):
 PSYoungGen      total 6656K, used 2681K [0x00000000eab00000, 0x00000000eb580000, 0x0000000100000000)
  eden space 3584K, 0% used [0x00000000eab00000,0x00000000eab00000,0x00000000eae80000)
  from space 3072K, 87% used [0x00000000eb280000,0x00000000eb51e6a8,0x00000000eb580000)
  to   space 3072K, 0% used [0x00000000eaf80000,0x00000000eaf80000,0x00000000eb280000)
 ParOldGen       total 112128K, used 109774K [0x00000000c0000000, 0x00000000c6d80000, 0x00000000eab00000)
  object space 112128K, 97% used [0x00000000c0000000,0x00000000c6b33898,0x00000000c6d80000)
 Metaspace       used 93463K, committed 94784K, reserved 1179648K
  class space    used 9467K, committed 10112K, reserved 1048576K
}
Event: 1226.863 GC heap after
{Heap after GC invocations=1483 (full 32):
 PSYoungGen      total 4096K, used 0K [0x00000000eab00000, 0x00000000eb480000, 0x0000000100000000)
  eden space 3584K, 0% used [0x00000000eab00000,0x00000000eab00000,0x00000000eae80000)
  from space 512K, 0% used [0x00000000eaf80000,0x00000000eaf80000,0x00000000eb000000)
  to   space 3072K, 0% used [0x00000000eb180000,0x00000000eb180000,0x00000000eb480000)
 ParOldGen       total 115712K, used 83870K [0x00000000c0000000, 0x00000000c7100000, 0x00000000eab00000)
  object space 115712K, 72% used [0x00000000c0000000,0x00000000c51e7868,0x00000000c7100000)
 Metaspace       used 93463K, committed 94784K, reserved 1179648K
  class space    used 9467K, committed 10112K, reserved 1048576K
}
Event: 1226.962 GC heap before
{Heap before GC invocations=1484 (full 32):
 PSYoungGen      total 4096K, used 3575K [0x00000000eab00000, 0x00000000eb480000, 0x0000000100000000)
  eden space 3584K, 99% used [0x00000000eab00000,0x00000000eae7df08,0x00000000eae80000)
  from space 512K, 0% used [0x00000000eaf80000,0x00000000eaf80000,0x00000000eb000000)
  to   space 3072K, 0% used [0x00000000eb180000,0x00000000eb180000,0x00000000eb480000)
 ParOldGen       total 115712K, used 83870K [0x00000000c0000000, 0x00000000c7100000, 0x00000000eab00000)
  object space 115712K, 72% used [0x00000000c0000000,0x00000000c51e7868,0x00000000c7100000)
 Metaspace       used 93471K, committed 94784K, reserved 1179648K
  class space    used 9467K, committed 10112K, reserved 1048576K
}
Event: 1226.963 GC heap after
{Heap after GC invocations=1484 (full 32):
 PSYoungGen      total 4608K, used 576K [0x00000000eab00000, 0x00000000eb280000, 0x0000000100000000)
  eden space 3584K, 0% used [0x00000000eab00000,0x00000000eab00000,0x00000000eae80000)
  from space 1024K, 56% used [0x00000000eb180000,0x00000000eb210020,0x00000000eb280000)
  to   space 1536K, 0% used [0x00000000eaf80000,0x00000000eaf80000,0x00000000eb100000)
 ParOldGen       total 115712K, used 83878K [0x00000000c0000000, 0x00000000c7100000, 0x00000000eab00000)
  object space 115712K, 72% used [0x00000000c0000000,0x00000000c51e9868,0x00000000c7100000)
 Metaspace       used 93471K, committed 94784K, reserved 1179648K
  class space    used 9467K, committed 10112K, reserved 1048576K
}
Event: 1227.379 GC heap before
{Heap before GC invocations=1485 (full 32):
 PSYoungGen      total 4608K, used 4160K [0x00000000eab00000, 0x00000000eb280000, 0x0000000100000000)
  eden space 3584K, 100% used [0x00000000eab00000,0x00000000eae80000,0x00000000eae80000)
  from space 1024K, 56% used [0x00000000eb180000,0x00000000eb210020,0x00000000eb280000)
  to   space 1536K, 0% used [0x00000000eaf80000,0x00000000eaf80000,0x00000000eb100000)
 ParOldGen       total 115712K, used 83878K [0x00000000c0000000, 0x00000000c7100000, 0x00000000eab00000)
  object space 115712K, 72% used [0x00000000c0000000,0x00000000c51e9868,0x00000000c7100000)
 Metaspace       used 93472K, committed 94784K, reserved 1179648K
  class space    used 9467K, committed 10112K, reserved 1048576K
}
Event: 1227.380 GC heap after
{Heap after GC invocations=1485 (full 32):
 PSYoungGen      total 5120K, used 384K [0x00000000eab00000, 0x00000000eb200000, 0x0000000100000000)
  eden space 3584K, 0% used [0x00000000eab00000,0x00000000eab00000,0x00000000eae80000)
  from space 1536K, 25% used [0x00000000eaf80000,0x00000000eafe0000,0x00000000eb100000)
  to   space 1024K, 0% used [0x00000000eb100000,0x00000000eb100000,0x00000000eb200000)
 ParOldGen       total 115712K, used 84397K [0x00000000c0000000, 0x00000000c7100000, 0x00000000eab00000)
  object space 115712K, 72% used [0x00000000c0000000,0x00000000c526b7b8,0x00000000c7100000)
 Metaspace       used 93472K, committed 94784K, reserved 1179648K
  class space    used 9467K, committed 10112K, reserved 1048576K
}
Event: 1227.672 GC heap before
{Heap before GC invocations=1486 (full 32):
 PSYoungGen      total 5120K, used 3968K [0x00000000eab00000, 0x00000000eb200000, 0x0000000100000000)
  eden space 3584K, 100% used [0x00000000eab00000,0x00000000eae80000,0x00000000eae80000)
  from space 1536K, 25% used [0x00000000eaf80000,0x00000000eafe0000,0x00000000eb100000)
  to   space 1024K, 0% used [0x00000000eb100000,0x00000000eb100000,0x00000000eb200000)
 ParOldGen       total 115712K, used 84397K [0x00000000c0000000, 0x00000000c7100000, 0x00000000eab00000)
  object space 115712K, 72% used [0x00000000c0000000,0x00000000c526b7b8,0x00000000c7100000)
 Metaspace       used 93473K, committed 94784K, reserved 1179648K
  class space    used 9467K, committed 10112K, reserved 1048576K
}
Event: 1227.676 GC heap after
{Heap after GC invocations=1486 (full 32):
 PSYoungGen      total 3584K, used 1020K [0x00000000eab00000, 0x00000000eb580000, 0x0000000100000000)
  eden space 2560K, 0% used [0x00000000eab00000,0x00000000eab00000,0x00000000ead80000)
  from space 1024K, 99% used [0x00000000eb100000,0x00000000eb1ff050,0x00000000eb200000)
  to   space 3584K, 0% used [0x00000000ead80000,0x00000000ead80000,0x00000000eb100000)
 ParOldGen       total 115712K, used 86069K [0x00000000c0000000, 0x00000000c7100000, 0x00000000eab00000)
  object space 115712K, 74% used [0x00000000c0000000,0x00000000c540d7b8,0x00000000c7100000)
 Metaspace       used 93473K, committed 94784K, reserved 1179648K
  class space    used 9467K, committed 10112K, reserved 1048576K
}
Event: 1227.691 GC heap before
{Heap before GC invocations=1487 (full 32):
 PSYoungGen      total 3584K, used 3580K [0x00000000eab00000, 0x00000000eb580000, 0x0000000100000000)
  eden space 2560K, 100% used [0x00000000eab00000,0x00000000ead80000,0x00000000ead80000)
  from space 1024K, 99% used [0x00000000eb100000,0x00000000eb1ff050,0x00000000eb200000)
  to   space 3584K, 0% used [0x00000000ead80000,0x00000000ead80000,0x00000000eb100000)
 ParOldGen       total 115712K, used 86069K [0x00000000c0000000, 0x00000000c7100000, 0x00000000eab00000)
  object space 115712K, 74% used [0x00000000c0000000,0x00000000c540d7b8,0x00000000c7100000)
 Metaspace       used 93473K, committed 94784K, reserved 1179648K
  class space    used 9467K, committed 10112K, reserved 1048576K
}
Event: 1227.693 GC heap after
{Heap after GC invocations=1487 (full 32):
 PSYoungGen      total 3584K, used 640K [0x00000000eab00000, 0x00000000eb180000, 0x0000000100000000)
  eden space 2560K, 0% used [0x00000000eab00000,0x00000000eab00000,0x00000000ead80000)
  from space 1024K, 62% used [0x00000000ead80000,0x00000000eae20000,0x00000000eae80000)
  to   space 1536K, 0% used [0x00000000eb000000,0x00000000eb000000,0x00000000eb180000)
 ParOldGen       total 115712K, used 86165K [0x00000000c0000000, 0x00000000c7100000, 0x00000000eab00000)
  object space 115712K, 74% used [0x00000000c0000000,0x00000000c54257d8,0x00000000c7100000)
 Metaspace       used 93473K, committed 94784K, reserved 1179648K
  class space    used 9467K, committed 10112K, reserved 1048576K
}
Event: 1227.708 GC heap before
{Heap before GC invocations=1488 (full 32):
 PSYoungGen      total 3584K, used 3200K [0x00000000eab00000, 0x00000000eb180000, 0x0000000100000000)
  eden space 2560K, 100% used [0x00000000eab00000,0x00000000ead80000,0x00000000ead80000)
  from space 1024K, 62% used [0x00000000ead80000,0x00000000eae20000,0x00000000eae80000)
  to   space 1536K, 0% used [0x00000000eb000000,0x00000000eb000000,0x00000000eb180000)
 ParOldGen       total 115712K, used 86165K [0x00000000c0000000, 0x00000000c7100000, 0x00000000eab00000)
  object space 115712K, 74% used [0x00000000c0000000,0x00000000c54257d8,0x00000000c7100000)
 Metaspace       used 93473K, committed 94784K, reserved 1179648K
  class space    used 9467K, committed 10112K, reserved 1048576K
}
Event: 1227.710 GC heap after
{Heap after GC invocations=1488 (full 32):
 PSYoungGen      total 3072K, used 256K [0x00000000eab00000, 0x00000000eb080000, 0x0000000100000000)
  eden space 2560K, 0% used [0x00000000eab00000,0x00000000eab00000,0x00000000ead80000)
  from space 512K, 50% used [0x00000000eb000000,0x00000000eb040000,0x00000000eb080000)
  to   space 1024K, 0% used [0x00000000eae80000,0x00000000eae80000,0x00000000eaf80000)
 ParOldGen       total 115712K, used 86739K [0x00000000c0000000, 0x00000000c7100000, 0x00000000eab00000)
  object space 115712K, 74% used [0x00000000c0000000,0x00000000c54b4df0,0x00000000c7100000)
 Metaspace       used 93473K, committed 94784K, reserved 1179648K
  class space    used 9467K, committed 10112K, reserved 1048576K
}
Event: 1227.724 GC heap before
{Heap before GC invocations=1489 (full 32):
 PSYoungGen      total 3072K, used 2816K [0x00000000eab00000, 0x00000000eb080000, 0x0000000100000000)
  eden space 2560K, 100% used [0x00000000eab00000,0x00000000ead80000,0x00000000ead80000)
  from space 512K, 50% used [0x00000000eb000000,0x00000000eb040000,0x00000000eb080000)
  to   space 1024K, 0% used [0x00000000eae80000,0x00000000eae80000,0x00000000eaf80000)
 ParOldGen       total 115712K, used 86739K [0x00000000c0000000, 0x00000000c7100000, 0x00000000eab00000)
  object space 115712K, 74% used [0x00000000c0000000,0x00000000c54b4df0,0x00000000c7100000)
 Metaspace       used 93473K, committed 94784K, reserved 1179648K
  class space    used 9467K, committed 10112K, reserved 1048576K
}
Event: 1227.725 GC heap after
{Heap after GC invocations=1489 (full 32):
 PSYoungGen      total 3584K, used 128K [0x00000000eab00000, 0x00000000eb080000, 0x0000000100000000)
  eden space 2560K, 0% used [0x00000000eab00000,0x00000000eab00000,0x00000000ead80000)
  from space 1024K, 12% used [0x00000000eae80000,0x00000000eaea0000,0x00000000eaf80000)
  to   space 512K, 0% used [0x00000000eb000000,0x00000000eb000000,0x00000000eb080000)
 ParOldGen       total 115712K, used 86883K [0x00000000c0000000, 0x00000000c7100000, 0x00000000eab00000)
  object space 115712K, 75% used [0x00000000c0000000,0x00000000c54d8d40,0x00000000c7100000)
 Metaspace       used 93473K, committed 94784K, reserved 1179648K
  class space    used 9467K, committed 10112K, reserved 1048576K
}
Event: 1275.466 GC heap before
{Heap before GC invocations=1490 (full 32):
 PSYoungGen      total 3584K, used 2688K [0x00000000eab00000, 0x00000000eb080000, 0x0000000100000000)
  eden space 2560K, 100% used [0x00000000eab00000,0x00000000ead80000,0x00000000ead80000)
  from space 1024K, 12% used [0x00000000eae80000,0x00000000eaea0000,0x00000000eaf80000)
  to   space 512K, 0% used [0x00000000eb000000,0x00000000eb000000,0x00000000eb080000)
 ParOldGen       total 115712K, used 88768K [0x00000000c0000000, 0x00000000c7100000, 0x00000000eab00000)
  object space 115712K, 76% used [0x00000000c0000000,0x00000000c56b0078,0x00000000c7100000)
 Metaspace       used 93486K, committed 94784K, reserved 1179648K
  class space    used 9468K, committed 10112K, reserved 1048576K
}
Event: 1275.467 GC heap after
{Heap after GC invocations=1490 (full 32):
 PSYoungGen      total 3072K, used 391K [0x00000000eab00000, 0x00000000eb080000, 0x0000000100000000)
  eden space 2560K, 0% used [0x00000000eab00000,0x00000000eab00000,0x00000000ead80000)
  from space 512K, 76% used [0x00000000eb000000,0x00000000eb061db0,0x00000000eb080000)
  to   space 512K, 0% used [0x00000000eaf80000,0x00000000eaf80000,0x00000000eb000000)
 ParOldGen       total 115712K, used 88784K [0x00000000c0000000, 0x00000000c7100000, 0x00000000eab00000)
  object space 115712K, 76% used [0x00000000c0000000,0x00000000c56b4078,0x00000000c7100000)
 Metaspace       used 93486K, committed 94784K, reserved 1179648K
  class space    used 9468K, committed 10112K, reserved 1048576K
}
Event: 1275.549 GC heap before
{Heap before GC invocations=1491 (full 32):
 PSYoungGen      total 3072K, used 2785K [0x00000000eab00000, 0x00000000eb080000, 0x0000000100000000)
  eden space 2560K, 93% used [0x00000000eab00000,0x00000000ead568c8,0x00000000ead80000)
  from space 512K, 76% used [0x00000000eb000000,0x00000000eb061db0,0x00000000eb080000)
  to   space 512K, 0% used [0x00000000eaf80000,0x00000000eaf80000,0x00000000eb000000)
 ParOldGen       total 115712K, used 90668K [0x00000000c0000000, 0x00000000c7100000, 0x00000000eab00000)
  object space 115712K, 78% used [0x00000000c0000000,0x00000000c588b3b0,0x00000000c7100000)
 Metaspace       used 93489K, committed 94784K, reserved 1179648K
  class space    used 9468K, committed 10112K, reserved 1048576K
}
Event: 1275.550 GC heap after
{Heap after GC invocations=1491 (full 32):
 PSYoungGen      total 3072K, used 352K [0x00000000eab00000, 0x00000000eb080000, 0x0000000100000000)
  eden space 2560K, 0% used [0x00000000eab00000,0x00000000eab00000,0x00000000ead80000)
  from space 512K, 68% used [0x00000000eaf80000,0x00000000eafd8020,0x00000000eb000000)
  to   space 512K, 0% used [0x00000000eb000000,0x00000000eb000000,0x00000000eb080000)
 ParOldGen       total 115712K, used 90911K [0x00000000c0000000, 0x00000000c7100000, 0x00000000eab00000)
  object space 115712K, 78% used [0x00000000c0000000,0x00000000c58c7cf0,0x00000000c7100000)
 Metaspace       used 93489K, committed 94784K, reserved 1179648K
  class space    used 9468K, committed 10112K, reserved 1048576K
}

